<?xml version="1.0" encoding="UTF-8"?>
<testng-results ignored="0" total="1" passed="1" failed="0" skipped="0">
  <reporter-output>
  </reporter-output>
  <suite started-at="2024-05-23T12:04:14 IST" name="Default suite" finished-at="2024-05-23T12:04:23 IST" duration-ms="8170">
    <groups>
    </groups>
    <test started-at="2024-05-23T12:04:14 IST" name="Default test" finished-at="2024-05-23T12:04:23 IST" duration-ms="8170">
      <class name="LoginPageTestCases.LoginPageTestCases">
        <test-method is-config="true" signature="loginPage()[pri:0, instance:LoginPageTestCases.LoginPageTestCases@3cebbb30]" started-at="2024-05-23T12:04:14 IST" name="loginPage" finished-at="2024-05-23T12:04:22 IST" duration-ms="7030" status="PASS">
          <reporter-output>
          </reporter-output>
        </test-method> <!-- loginPage -->
        <test-method signature="loginSuccess()[pri:0, instance:LoginPageTestCases.LoginPageTestCases@3cebbb30]" started-at="2024-05-23T12:04:22 IST" name="loginSuccess" finished-at="2024-05-23T12:04:22 IST" duration-ms="657" status="PASS">
          <reporter-output>
          </reporter-output>
        </test-method> <!-- loginSuccess -->
        <test-method is-config="true" signature="tearDown()[pri:0, instance:LoginPageTestCases.LoginPageTestCases@3cebbb30]" started-at="2024-05-23T12:04:22 IST" name="tearDown" finished-at="2024-05-23T12:04:23 IST" duration-ms="415" status="PASS">
          <reporter-output>
          </reporter-output>
        </test-method> <!-- tearDown -->
      </class> <!-- LoginPageTestCases.LoginPageTestCases -->
    </test> <!-- Default test -->
  </suite> <!-- Default suite -->
</testng-results>
